# JRE version: OpenJDK Runtime Environment (17.0.6) (build 17.0.6+0-b2043.56-9586694)
# Java VM: OpenJDK 64-Bit Server VM (17.0.6+0-b2043.56-9586694, mixed mode, tiered, compressed oops, compressed class ptrs, g1 gc, windows-amd64)
GC Precious Log:
 CPUs: 4 total, 4 available
 Memory: 3739M
 Large Page Support: Disabled
 NUMA Support: Disabled
 Compressed Oops: Enabled (Zero based)
 Heap Region Size: 2M
 Heap Min Capacity: 8M
 Heap Initial Capacity: 60M
 Heap Max Capacity: 4G
 Pre-touch: Disabled
 Parallel Workers: 4
 Concurrent Workers: 1
 Concurrent Refinement Workers: 4
 Periodic GC: Disabled
Heap:
 garbage-first heap   total 372736K, used 147568K [0x0000000700000000, 0x0000000800000000)
  region size 2048K, 9 young (18432K), 9 survivors (18432K)
 Metaspace       used 119822K, committed 120704K, reserved 1155072K
  class space    used 16481K, committed 16896K, reserved 1048576K
GC Heap History (20 events):
Event: 19.431 GC heap after
{Heap after GC invocations=49 (full 0):
 garbage-first heap   total 219136K, used 85877K [0x0000000700000000, 0x0000000800000000)
  region size 2048K, 7 young (14336K), 7 survivors (14336K)
 Metaspace       used 89591K, committed 90304K, reserved 1130496K
  class space    used 12342K, committed 12672K, reserved 1048576K
}
Event: 20.886 GC heap before
{Heap before GC invocations=49 (full 0):
 garbage-first heap   total 219136K, used 165749K [0x0000000700000000, 0x0000000800000000)
  region size 2048K, 46 young (94208K), 7 survivors (14336K)
 Metaspace       used 95961K, committed 96704K, reserved 1138688K
  class space    used 13287K, committed 13632K, reserved 1048576K
}
Event: 20.950 GC heap after
{Heap after GC invocations=50 (full 0):
 garbage-first heap   total 219136K, used 99625K [0x0000000700000000, 0x0000000800000000)
  region size 2048K, 6 young (12288K), 6 survivors (12288K)
 Metaspace       used 95961K, committed 96704K, reserved 1138688K
  class space    used 13287K, committed 13632K, reserved 1048576K
}
Event: 21.626 GC heap before
{Heap before GC invocations=50 (full 0):
 garbage-first heap   total 219136K, used 167209K [0x0000000700000000, 0x0000000800000000)
  region size 2048K, 39 young (79872K), 6 survivors (12288K)
 Metaspace       used 99383K, committed 100160K, reserved 1138688K
  class space    used 13747K, committed 14080K, reserved 1048576K
}
Event: 21.693 GC heap after
{Heap after GC invocations=51 (full 0):
 garbage-first heap   total 219136K, used 109714K [0x0000000700000000, 0x0000000800000000)
  region size 2048K, 4 young (8192K), 4 survivors (8192K)
 Metaspace       used 99383K, committed 100160K, reserved 1138688K
  class space    used 13747K, committed 14080K, reserved 1048576K
}
Event: 34.056 GC heap before
{Heap before GC invocations=51 (full 0):
 garbage-first heap   total 219136K, used 171154K [0x0000000700000000, 0x0000000800000000)
  region size 2048K, 35 young (71680K), 4 survivors (8192K)
 Metaspace       used 100843K, committed 101696K, reserved 1138688K
  class space    used 13966K, committed 14336K, reserved 1048576K
}
Event: 34.090 GC heap after
{Heap after GC invocations=52 (full 0):
 garbage-first heap   total 219136K, used 115264K [0x0000000700000000, 0x0000000800000000)
  region size 2048K, 3 young (6144K), 3 survivors (6144K)
 Metaspace       used 100843K, committed 101696K, reserved 1138688K
  class space    used 13966K, committed 14336K, reserved 1048576K
}
Event: 35.586 GC heap before
{Heap before GC invocations=53 (full 0):
 garbage-first heap   total 219136K, used 174656K [0x0000000700000000, 0x0000000800000000)
  region size 2048K, 33 young (67584K), 3 survivors (6144K)
 Metaspace       used 103027K, committed 103872K, reserved 1138688K
  class space    used 14166K, committed 14528K, reserved 1048576K
}
Event: 35.601 GC heap after
{Heap after GC invocations=54 (full 0):
 garbage-first heap   total 311296K, used 119223K [0x0000000700000000, 0x0000000800000000)
  region size 2048K, 5 young (10240K), 5 survivors (10240K)
 Metaspace       used 103027K, committed 103872K, reserved 1138688K
  class space    used 14166K, committed 14528K, reserved 1048576K
}
Event: 35.629 GC heap before
{Heap before GC invocations=54 (full 0):
 garbage-first heap   total 311296K, used 121271K [0x0000000700000000, 0x0000000800000000)
  region size 2048K, 7 young (14336K), 5 survivors (10240K)
 Metaspace       used 103035K, committed 103872K, reserved 1138688K
  class space    used 14166K, committed 14528K, reserved 1048576K
}
Event: 35.642 GC heap after
{Heap after GC invocations=55 (full 0):
 garbage-first heap   total 311296K, used 119643K [0x0000000700000000, 0x0000000800000000)
  region size 2048K, 1 young (2048K), 1 survivors (2048K)
 Metaspace       used 103035K, committed 103872K, reserved 1138688K
  class space    used 14166K, committed 14528K, reserved 1048576K
}
Event: 36.472 GC heap before
{Heap before GC invocations=55 (full 0):
 garbage-first heap   total 311296K, used 205659K [0x0000000700000000, 0x0000000800000000)
  region size 2048K, 45 young (92160K), 1 survivors (2048K)
 Metaspace       used 106333K, committed 107200K, reserved 1146880K
  class space    used 14588K, committed 14976K, reserved 1048576K
}
Event: 36.480 GC heap after
{Heap after GC invocations=56 (full 0):
 garbage-first heap   total 311296K, used 122161K [0x0000000700000000, 0x0000000800000000)
  region size 2048K, 2 young (4096K), 2 survivors (4096K)
 Metaspace       used 106333K, committed 107200K, reserved 1146880K
  class space    used 14588K, committed 14976K, reserved 1048576K
}
Event: 36.607 GC heap before
{Heap before GC invocations=56 (full 0):
 garbage-first heap   total 311296K, used 171313K [0x0000000700000000, 0x0000000800000000)
  region size 2048K, 8 young (16384K), 2 survivors (4096K)
 Metaspace       used 106994K, committed 107840K, reserved 1146880K
  class space    used 14711K, committed 15104K, reserved 1048576K
}
Event: 36.613 GC heap after
{Heap after GC invocations=57 (full 0):
 garbage-first heap   total 311296K, used 161415K [0x0000000700000000, 0x0000000800000000)
  region size 2048K, 3 young (6144K), 3 survivors (6144K)
 Metaspace       used 106994K, committed 107840K, reserved 1146880K
  class space    used 14711K, committed 15104K, reserved 1048576K
}
Event: 38.885 GC heap before
{Heap before GC invocations=58 (full 0):
 garbage-first heap   total 372736K, used 288391K [0x0000000700000000, 0x0000000800000000)
  region size 2048K, 46 young (94208K), 3 survivors (6144K)
 Metaspace       used 117355K, committed 118208K, reserved 1155072K
  class space    used 16309K, committed 16704K, reserved 1048576K
}
Event: 39.289 GC heap after
{Heap after GC invocations=59 (full 0):
 garbage-first heap   total 372736K, used 132470K [0x0000000700000000, 0x0000000800000000)
  region size 2048K, 6 young (12288K), 6 survivors (12288K)
 Metaspace       used 117355K, committed 118208K, reserved 1155072K
  class space    used 16309K, committed 16704K, reserved 1048576K
}
Event: 39.371 GC heap before
{Heap before GC invocations=59 (full 0):
 garbage-first heap   total 372736K, used 138614K [0x0000000700000000, 0x0000000800000000)
  region size 2048K, 9 young (18432K), 6 survivors (12288K)
 Metaspace       used 117364K, committed 118272K, reserved 1155072K
  class space    used 16309K, committed 16704K, reserved 1048576K
}
Event: 39.529 GC heap after
{Heap after GC invocations=60 (full 0):
 garbage-first heap   total 372736K, used 133402K [0x0000000700000000, 0x0000000800000000)
  region size 2048K, 2 young (4096K), 2 survivors (4096K)
 Metaspace       used 117364K, committed 118272K, reserved 1155072K
  class space    used 16309K, committed 16704K, reserved 1048576K
}
Event: 40.649 GC heap before
{Heap before GC invocations=60 (full 0):
 garbage-first heap   total 372736K, used 293146K [0x0000000700000000, 0x0000000800000000)
  region size 2048K, 80 young (163840K), 2 survivors (4096K)
 Metaspace       used 119822K, committed 120704K, reserved 1155072K
  class space    used 16481K, committed 16896K, reserved 1048576K
}

