# JRE version: OpenJDK Runtime Environment (17.0.6) (build 17.0.6+0-b2043.56-9586694)
# Java VM: OpenJDK 64-Bit Server VM (17.0.6+0-b2043.56-9586694, mixed mode, tiered, compressed oops, compressed class ptrs, g1 gc, windows-amd64)
GC Precious Log:
 CPUs: 4 total, 4 available
 Memory: 3739M
 Large Page Support: Disabled
 NUMA Support: Disabled
 Compressed Oops: Enabled (Zero based)
 Heap Region Size: 2M
 Heap Min Capacity: 8M
 Heap Initial Capacity: 60M
 Heap Max Capacity: 4G
 Pre-touch: Disabled
 Parallel Workers: 4
 Concurrent Workers: 1
 Concurrent Refinement Workers: 4
 Periodic GC: Disabled
Heap:
 garbage-first heap   total 761856K, used 236260K [0x0000000700000000, 0x0000000800000000)
  region size 2048K, 1 young (2048K), 1 survivors (2048K)
 Metaspace       used 157290K, committed 158336K, reserved 1187840K
  class space    used 20703K, committed 21184K, reserved 1048576K
GC Heap History (20 events):
Event: 108.071 GC heap after
{Heap after GC invocations=57 (full 0):
 garbage-first heap   total 634880K, used 131563K [0x0000000700000000, 0x0000000800000000)
  region size 2048K, 2 young (4096K), 2 survivors (4096K)
 Metaspace       used 116756K, committed 117632K, reserved 1155072K
  class space    used 15803K, committed 16192K, reserved 1048576K
}
Event: 131.244 GC heap before
{Heap before GC invocations=57 (full 0):
 garbage-first heap   total 634880K, used 584171K [0x0000000700000000, 0x0000000800000000)
  region size 2048K, 186 young (380928K), 2 survivors (4096K)
 Metaspace       used 127593K, committed 128512K, reserved 1163264K
  class space    used 16865K, committed 17280K, reserved 1048576K
}
Event: 131.433 GC heap after
{Heap after GC invocations=58 (full 0):
 garbage-first heap   total 634880K, used 140880K [0x0000000700000000, 0x0000000800000000)
  region size 2048K, 7 young (14336K), 7 survivors (14336K)
 Metaspace       used 127593K, committed 128512K, reserved 1163264K
  class space    used 16865K, committed 17280K, reserved 1048576K
}
Event: 140.927 GC heap before
{Heap before GC invocations=58 (full 0):
 garbage-first heap   total 634880K, used 403024K [0x0000000700000000, 0x0000000800000000)
  region size 2048K, 135 young (276480K), 7 survivors (14336K)
 Metaspace       used 137424K, committed 138432K, reserved 1171456K
  class space    used 18098K, committed 18560K, reserved 1048576K
}
Event: 140.976 GC heap after
{Heap after GC invocations=59 (full 0):
 garbage-first heap   total 634880K, used 147947K [0x0000000700000000, 0x0000000800000000)
  region size 2048K, 9 young (18432K), 9 survivors (18432K)
 Metaspace       used 137424K, committed 138432K, reserved 1171456K
  class space    used 18098K, committed 18560K, reserved 1048576K
}
Event: 142.285 GC heap before
{Heap before GC invocations=59 (full 0):
 garbage-first heap   total 634880K, used 408043K [0x0000000700000000, 0x0000000800000000)
  region size 2048K, 134 young (274432K), 9 survivors (18432K)
 Metaspace       used 146744K, committed 147776K, reserved 1179648K
  class space    used 19391K, committed 19840K, reserved 1048576K
}
Event: 142.358 GC heap after
{Heap after GC invocations=60 (full 0):
 garbage-first heap   total 634880K, used 165095K [0x0000000700000000, 0x0000000800000000)
  region size 2048K, 11 young (22528K), 11 survivors (22528K)
 Metaspace       used 146744K, committed 147776K, reserved 1179648K
  class space    used 19391K, committed 19840K, reserved 1048576K
}
Event: 143.469 GC heap before
{Heap before GC invocations=60 (full 0):
 garbage-first heap   total 634880K, used 335079K [0x0000000700000000, 0x0000000800000000)
  region size 2048K, 95 young (194560K), 11 survivors (22528K)
 Metaspace       used 149872K, committed 150912K, reserved 1179648K
  class space    used 19838K, committed 20288K, reserved 1048576K
}
Event: 143.489 GC heap after
{Heap after GC invocations=61 (full 0):
 garbage-first heap   total 634880K, used 155648K [0x0000000700000000, 0x0000000800000000)
  region size 2048K, 3 young (6144K), 3 survivors (6144K)
 Metaspace       used 149872K, committed 150912K, reserved 1179648K
  class space    used 19838K, committed 20288K, reserved 1048576K
}
Event: 145.683 GC heap before
{Heap before GC invocations=61 (full 0):
 garbage-first heap   total 634880K, used 530432K [0x0000000700000000, 0x0000000800000000)
  region size 2048K, 186 young (380928K), 3 survivors (6144K)
 Metaspace       used 155823K, committed 156800K, reserved 1187840K
  class space    used 20557K, committed 20992K, reserved 1048576K
}
Event: 145.842 GC heap after
{Heap after GC invocations=62 (full 0):
 garbage-first heap   total 634880K, used 188005K [0x0000000700000000, 0x0000000800000000)
  region size 2048K, 18 young (36864K), 18 survivors (36864K)
 Metaspace       used 155823K, committed 156800K, reserved 1187840K
  class space    used 20557K, committed 20992K, reserved 1048576K
}
Event: 146.734 GC heap before
{Heap before GC invocations=62 (full 0):
 garbage-first heap   total 634880K, used 370277K [0x0000000700000000, 0x0000000800000000)
  region size 2048K, 108 young (221184K), 18 survivors (36864K)
 Metaspace       used 156641K, committed 157632K, reserved 1187840K
  class space    used 20636K, committed 21056K, reserved 1048576K
}
Event: 146.903 GC heap after
{Heap after GC invocations=63 (full 0):
 garbage-first heap   total 761856K, used 199867K [0x0000000700000000, 0x0000000800000000)
  region size 2048K, 9 young (18432K), 9 survivors (18432K)
 Metaspace       used 156641K, committed 157632K, reserved 1187840K
  class space    used 20636K, committed 21056K, reserved 1048576K
}
Event: 147.793 GC heap before
{Heap before GC invocations=63 (full 0):
 garbage-first heap   total 761856K, used 580795K [0x0000000700000000, 0x0000000800000000)
  region size 2048K, 196 young (401408K), 9 survivors (18432K)
 Metaspace       used 157035K, committed 158016K, reserved 1187840K
  class space    used 20679K, committed 21120K, reserved 1048576K
}
Event: 147.933 GC heap after
{Heap after GC invocations=64 (full 0):
 garbage-first heap   total 761856K, used 228472K [0x0000000700000000, 0x0000000800000000)
  region size 2048K, 23 young (47104K), 23 survivors (47104K)
 Metaspace       used 157035K, committed 158016K, reserved 1187840K
  class space    used 20679K, committed 21120K, reserved 1048576K
}
Event: 148.350 GC heap before
{Heap before GC invocations=64 (full 0):
 garbage-first heap   total 761856K, used 339064K [0x0000000700000000, 0x0000000800000000)
  region size 2048K, 78 young (159744K), 23 survivors (47104K)
 Metaspace       used 157068K, committed 158080K, reserved 1187840K
  class space    used 20680K, committed 21120K, reserved 1048576K
}
Event: 148.452 GC heap after
{Heap after GC invocations=65 (full 0):
 garbage-first heap   total 761856K, used 229928K [0x0000000700000000, 0x0000000800000000)
  region size 2048K, 3 young (6144K), 3 survivors (6144K)
 Metaspace       used 157068K, committed 158080K, reserved 1187840K
  class space    used 20680K, committed 21120K, reserved 1048576K
}
Event: 152.610 GC heap before
{Heap before GC invocations=65 (full 0):
 garbage-first heap   total 761856K, used 612904K [0x0000000700000000, 0x0000000800000000)
  region size 2048K, 190 young (389120K), 3 survivors (6144K)
 Metaspace       used 157286K, committed 158336K, reserved 1187840K
  class space    used 20703K, committed 21184K, reserved 1048576K
}
Event: 153.536 GC heap after
{Heap after GC invocations=66 (full 0):
 garbage-first heap   total 761856K, used 233883K [0x0000000700000000, 0x0000000800000000)
  region size 2048K, 5 young (10240K), 5 survivors (10240K)
 Metaspace       used 157286K, committed 158336K, reserved 1187840K
  class space    used 20703K, committed 21184K, reserved 1048576K
}
Event: 153.748 GC heap before
{Heap before GC invocations=66 (full 0):
 garbage-first heap   total 761856K, used 260507K [0x0000000700000000, 0x0000000800000000)
  region size 2048K, 18 young (36864K), 5 survivors (10240K)
 Metaspace       used 157290K, committed 158336K, reserved 1187840K
  class space    used 20703K, committed 21184K, reserved 1048576K
}

