# JRE version: OpenJDK Runtime Environment (17.0.6) (build 17.0.6+0-b2043.56-9586694)
# Java VM: OpenJDK 64-Bit Server VM (17.0.6+0-b2043.56-9586694, mixed mode, tiered, compressed oops, compressed class ptrs, g1 gc, windows-amd64)
GC Precious Log:
 CPUs: 4 total, 4 available
 Memory: 3739M
 Large Page Support: Disabled
 NUMA Support: Disabled
 Compressed Oops: Enabled (Zero based)
 Heap Region Size: 2M
 Heap Min Capacity: 8M
 Heap Initial Capacity: 60M
 Heap Max Capacity: 4G
 Pre-touch: Disabled
 Parallel Workers: 4
 Concurrent Workers: 1
 Concurrent Refinement Workers: 4
 Periodic GC: Disabled
Heap:
 garbage-first heap   total 514048K, used 223741K [0x0000000700000000, 0x0000000800000000)
  region size 2048K, 3 young (6144K), 3 survivors (6144K)
 Metaspace       used 122857K, committed 123776K, reserved 1155072K
  class space    used 16875K, committed 17280K, reserved 1048576K
GC Heap History (20 events):
Event: 25.917 GC heap after
{Heap after GC invocations=61 (full 0):
 garbage-first heap   total 266240K, used 129707K [0x0000000700000000, 0x0000000800000000)
  region size 2048K, 4 young (8192K), 4 survivors (8192K)
 Metaspace       used 106608K, committed 107456K, reserved 1146880K
  class space    used 14626K, committed 14976K, reserved 1048576K
}
Event: 29.447 GC heap before
{Heap before GC invocations=62 (full 0):
 garbage-first heap   total 389120K, used 311979K [0x0000000700000000, 0x0000000800000000)
  region size 2048K, 45 young (92160K), 4 survivors (8192K)
 Metaspace       used 108485K, committed 109376K, reserved 1146880K
  class space    used 14907K, committed 15296K, reserved 1048576K
}
Event: 29.481 GC heap after
{Heap after GC invocations=63 (full 0):
 garbage-first heap   total 389120K, used 144412K [0x0000000700000000, 0x0000000800000000)
  region size 2048K, 6 young (12288K), 6 survivors (12288K)
 Metaspace       used 108485K, committed 109376K, reserved 1146880K
  class space    used 14907K, committed 15296K, reserved 1048576K
}
Event: 29.689 GC heap before
{Heap before GC invocations=63 (full 0):
 garbage-first heap   total 389120K, used 150556K [0x0000000700000000, 0x0000000800000000)
  region size 2048K, 9 young (18432K), 6 survivors (12288K)
 Metaspace       used 109656K, committed 110464K, reserved 1146880K
  class space    used 15072K, committed 15424K, reserved 1048576K
}
Event: 29.704 GC heap after
{Heap after GC invocations=64 (full 0):
 garbage-first heap   total 389120K, used 142507K [0x0000000700000000, 0x0000000800000000)
  region size 2048K, 1 young (2048K), 1 survivors (2048K)
 Metaspace       used 109656K, committed 110464K, reserved 1146880K
  class space    used 15072K, committed 15424K, reserved 1048576K
}
Event: 32.109 GC heap before
{Heap before GC invocations=64 (full 0):
 garbage-first heap   total 389120K, used 302251K [0x0000000700000000, 0x0000000800000000)
  region size 2048K, 79 young (161792K), 1 survivors (2048K)
 Metaspace       used 114827K, committed 115648K, reserved 1155072K
  class space    used 15805K, committed 16192K, reserved 1048576K
}
Event: 32.150 GC heap after
{Heap after GC invocations=65 (full 0):
 garbage-first heap   total 514048K, used 168794K [0x0000000700000000, 0x0000000800000000)
  region size 2048K, 10 young (20480K), 10 survivors (20480K)
 Metaspace       used 114827K, committed 115648K, reserved 1155072K
  class space    used 15805K, committed 16192K, reserved 1048576K
}
Event: 35.285 GC heap before
{Heap before GC invocations=65 (full 0):
 garbage-first heap   total 514048K, used 377690K [0x0000000700000000, 0x0000000800000000)
  region size 2048K, 112 young (229376K), 10 survivors (20480K)
 Metaspace       used 119510K, committed 120384K, reserved 1155072K
  class space    used 16415K, committed 16768K, reserved 1048576K
}
Event: 36.193 GC heap after
{Heap after GC invocations=66 (full 0):
 garbage-first heap   total 514048K, used 189567K [0x0000000700000000, 0x0000000800000000)
  region size 2048K, 11 young (22528K), 11 survivors (22528K)
 Metaspace       used 119510K, committed 120384K, reserved 1155072K
  class space    used 16415K, committed 16768K, reserved 1048576K
}
Event: 36.472 GC heap before
{Heap before GC invocations=66 (full 0):
 garbage-first heap   total 514048K, used 207999K [0x0000000700000000, 0x0000000800000000)
  region size 2048K, 20 young (40960K), 11 survivors (22528K)
 Metaspace       used 119765K, committed 120640K, reserved 1155072K
  class space    used 16454K, committed 16832K, reserved 1048576K
}
Event: 36.507 GC heap after
{Heap after GC invocations=67 (full 0):
 garbage-first heap   total 514048K, used 192307K [0x0000000700000000, 0x0000000800000000)
  region size 2048K, 2 young (4096K), 2 survivors (4096K)
 Metaspace       used 119765K, committed 120640K, reserved 1155072K
  class space    used 16454K, committed 16832K, reserved 1048576K
}
Event: 37.854 GC heap before
{Heap before GC invocations=67 (full 0):
 garbage-first heap   total 514048K, used 364339K [0x0000000700000000, 0x0000000800000000)
  region size 2048K, 86 young (176128K), 2 survivors (4096K)
 Metaspace       used 121860K, committed 122752K, reserved 1155072K
  class space    used 16761K, committed 17152K, reserved 1048576K
}
Event: 37.866 GC heap after
{Heap after GC invocations=68 (full 0):
 garbage-first heap   total 514048K, used 194041K [0x0000000700000000, 0x0000000800000000)
  region size 2048K, 3 young (6144K), 3 survivors (6144K)
 Metaspace       used 121860K, committed 122752K, reserved 1155072K
  class space    used 16761K, committed 17152K, reserved 1048576K
}
Event: 39.190 GC heap before
{Heap before GC invocations=68 (full 0):
 garbage-first heap   total 514048K, used 402937K [0x0000000700000000, 0x0000000800000000)
  region size 2048K, 106 young (217088K), 3 survivors (6144K)
 Metaspace       used 122539K, committed 123392K, reserved 1155072K
  class space    used 16856K, committed 17216K, reserved 1048576K
}
Event: 39.204 GC heap after
{Heap after GC invocations=69 (full 0):
 garbage-first heap   total 514048K, used 198141K [0x0000000700000000, 0x0000000800000000)
  region size 2048K, 5 young (10240K), 5 survivors (10240K)
 Metaspace       used 122539K, committed 123392K, reserved 1155072K
  class space    used 16856K, committed 17216K, reserved 1048576K
}
Event: 40.080 GC heap before
{Heap before GC invocations=69 (full 0):
 garbage-first heap   total 514048K, used 411133K [0x0000000700000000, 0x0000000800000000)
  region size 2048K, 110 young (225280K), 5 survivors (10240K)
 Metaspace       used 122706K, committed 123520K, reserved 1155072K
  class space    used 16861K, committed 17216K, reserved 1048576K
}
Event: 40.105 GC heap after
{Heap after GC invocations=70 (full 0):
 garbage-first heap   total 514048K, used 207752K [0x0000000700000000, 0x0000000800000000)
  region size 2048K, 9 young (18432K), 9 survivors (18432K)
 Metaspace       used 122706K, committed 123520K, reserved 1155072K
  class space    used 16861K, committed 17216K, reserved 1048576K
}
Event: 40.963 GC heap before
{Heap before GC invocations=70 (full 0):
 garbage-first heap   total 514048K, used 416648K [0x0000000700000000, 0x0000000800000000)
  region size 2048K, 111 young (227328K), 9 survivors (18432K)
 Metaspace       used 122816K, committed 123712K, reserved 1155072K
  class space    used 16873K, committed 17280K, reserved 1048576K
}
Event: 41.010 GC heap after
{Heap after GC invocations=71 (full 0):
 garbage-first heap   total 514048K, used 219267K [0x0000000700000000, 0x0000000800000000)
  region size 2048K, 13 young (26624K), 13 survivors (26624K)
 Metaspace       used 122816K, committed 123712K, reserved 1155072K
  class space    used 16873K, committed 17280K, reserved 1048576K
}
Event: 41.983 GC heap before
{Heap before GC invocations=71 (full 0):
 garbage-first heap   total 514048K, used 415875K [0x0000000700000000, 0x0000000800000000)
  region size 2048K, 109 young (223232K), 13 survivors (26624K)
 Metaspace       used 122857K, committed 123776K, reserved 1155072K
  class space    used 16875K, committed 17280K, reserved 1048576K
}

