# JRE version: OpenJDK Runtime Environment (17.0.9) (build 17.0.9+0--11185874)
# Java VM: OpenJDK 64-Bit Server VM (17.0.9+0--11185874, mixed mode, tiered, compressed oops, compressed class ptrs, g1 gc, windows-amd64)
GC Precious Log:
 CPUs: 8 total, 8 available
 Memory: 7525M
 Large Page Support: Disabled
 NUMA Support: Disabled
 Compressed Oops: Enabled (Zero based)
 Heap Region Size: 2M
 Heap Min Capacity: 8M
 Heap Initial Capacity: 118M
 Heap Max Capacity: 4G
 Pre-touch: Disabled
 Parallel Workers: 8
 Concurrent Workers: 2
 Concurrent Refinement Workers: 8
 Periodic GC: Disabled
Heap:
 garbage-first heap   total 122880K, used 84635K [0x0000000700000000, 0x0000000800000000)
  region size 2048K, 9 young (18432K), 1 survivors (2048K)
 Metaspace       used 83311K, committed 83968K, reserved 1179648K
  class space    used 11235K, committed 11520K, reserved 1048576K
GC Heap History (20 events):
Event: 15.694 GC heap before
{Heap before GC invocations=27 (full 0):
 garbage-first heap   total 96256K, used 71676K [0x0000000700000000, 0x0000000800000000)
  region size 2048K, 8 young (16384K), 1 survivors (2048K)
 Metaspace       used 68642K, committed 69248K, reserved 1114112K
  class space    used 9419K, committed 9664K, reserved 1048576K
}
Event: 15.697 GC heap after
{Heap after GC invocations=28 (full 0):
 garbage-first heap   total 96256K, used 57959K [0x0000000700000000, 0x0000000800000000)
  region size 2048K, 1 young (2048K), 1 survivors (2048K)
 Metaspace       used 68642K, committed 69248K, reserved 1114112K
  class space    used 9419K, committed 9664K, reserved 1048576K
}
Event: 15.951 GC heap before
{Heap before GC invocations=29 (full 0):
 garbage-first heap   total 106496K, used 70247K [0x0000000700000000, 0x0000000800000000)
  region size 2048K, 7 young (14336K), 1 survivors (2048K)
 Metaspace       used 70203K, committed 70720K, reserved 1114112K
  class space    used 9627K, committed 9856K, reserved 1048576K
}
Event: 15.954 GC heap after
{Heap after GC invocations=30 (full 0):
 garbage-first heap   total 106496K, used 58379K [0x0000000700000000, 0x0000000800000000)
  region size 2048K, 1 young (2048K), 1 survivors (2048K)
 Metaspace       used 70203K, committed 70720K, reserved 1114112K
  class space    used 9627K, committed 9856K, reserved 1048576K
}
Event: 16.521 GC heap before
{Heap before GC invocations=30 (full 0):
 garbage-first heap   total 106496K, used 76811K [0x0000000700000000, 0x0000000800000000)
  region size 2048K, 10 young (20480K), 1 survivors (2048K)
 Metaspace       used 73465K, committed 74048K, reserved 1114112K
  class space    used 9990K, committed 10240K, reserved 1048576K
}
Event: 16.523 GC heap after
{Heap after GC invocations=31 (full 0):
 garbage-first heap   total 106496K, used 58861K [0x0000000700000000, 0x0000000800000000)
  region size 2048K, 1 young (2048K), 1 survivors (2048K)
 Metaspace       used 73465K, committed 74048K, reserved 1114112K
  class space    used 9990K, committed 10240K, reserved 1048576K
}
Event: 17.013 GC heap before
{Heap before GC invocations=32 (full 0):
 garbage-first heap   total 106496K, used 77293K [0x0000000700000000, 0x0000000800000000)
  region size 2048K, 11 young (22528K), 1 survivors (2048K)
 Metaspace       used 76441K, committed 77056K, reserved 1179648K
  class space    used 10317K, committed 10624K, reserved 1048576K
}
Event: 17.016 GC heap after
{Heap after GC invocations=33 (full 0):
 garbage-first heap   total 106496K, used 61921K [0x0000000700000000, 0x0000000800000000)
  region size 2048K, 2 young (4096K), 2 survivors (4096K)
 Metaspace       used 76441K, committed 77056K, reserved 1179648K
  class space    used 10317K, committed 10624K, reserved 1048576K
}
Event: 17.197 GC heap before
{Heap before GC invocations=33 (full 0):
 garbage-first heap   total 106496K, used 78305K [0x0000000700000000, 0x0000000800000000)
  region size 2048K, 11 young (22528K), 2 survivors (4096K)
 Metaspace       used 76965K, committed 77632K, reserved 1179648K
  class space    used 10413K, committed 10688K, reserved 1048576K
}
Event: 17.202 GC heap after
{Heap after GC invocations=34 (full 0):
 garbage-first heap   total 106496K, used 62856K [0x0000000700000000, 0x0000000800000000)
  region size 2048K, 1 young (2048K), 1 survivors (2048K)
 Metaspace       used 76965K, committed 77632K, reserved 1179648K
  class space    used 10413K, committed 10688K, reserved 1048576K
}
Event: 17.734 GC heap before
{Heap before GC invocations=35 (full 0):
 garbage-first heap   total 110592K, used 83336K [0x0000000700000000, 0x0000000800000000)
  region size 2048K, 11 young (22528K), 1 survivors (2048K)
 Metaspace       used 78763K, committed 79360K, reserved 1179648K
  class space    used 10627K, committed 10880K, reserved 1048576K
}
Event: 17.738 GC heap after
{Heap after GC invocations=36 (full 0):
 garbage-first heap   total 110592K, used 64081K [0x0000000700000000, 0x0000000800000000)
  region size 2048K, 2 young (4096K), 2 survivors (4096K)
 Metaspace       used 78763K, committed 79360K, reserved 1179648K
  class space    used 10627K, committed 10880K, reserved 1048576K
}
Event: 18.144 GC heap before
{Heap before GC invocations=36 (full 0):
 garbage-first heap   total 110592K, used 84561K [0x0000000700000000, 0x0000000800000000)
  region size 2048K, 13 young (26624K), 2 survivors (4096K)
 Metaspace       used 80461K, committed 81088K, reserved 1179648K
  class space    used 10846K, committed 11136K, reserved 1048576K
}
Event: 18.147 GC heap after
{Heap after GC invocations=37 (full 0):
 garbage-first heap   total 110592K, used 65321K [0x0000000700000000, 0x0000000800000000)
  region size 2048K, 2 young (4096K), 2 survivors (4096K)
 Metaspace       used 80461K, committed 81088K, reserved 1179648K
  class space    used 10846K, committed 11136K, reserved 1048576K
}
Event: 18.630 GC heap before
{Heap before GC invocations=38 (full 0):
 garbage-first heap   total 116736K, used 87849K [0x0000000700000000, 0x0000000800000000)
  region size 2048K, 13 young (26624K), 2 survivors (4096K)
 Metaspace       used 82637K, committed 83200K, reserved 1179648K
  class space    used 11117K, committed 11392K, reserved 1048576K
}
Event: 18.633 GC heap after
{Heap after GC invocations=39 (full 0):
 garbage-first heap   total 116736K, used 66709K [0x0000000700000000, 0x0000000800000000)
  region size 2048K, 2 young (4096K), 2 survivors (4096K)
 Metaspace       used 82637K, committed 83200K, reserved 1179648K
  class space    used 11117K, committed 11392K, reserved 1048576K
}
Event: 18.871 GC heap before
{Heap before GC invocations=39 (full 0):
 garbage-first heap   total 116736K, used 93333K [0x0000000700000000, 0x0000000800000000)
  region size 2048K, 15 young (30720K), 2 survivors (4096K)
 Metaspace       used 83061K, committed 83648K, reserved 1179648K
  class space    used 11200K, committed 11456K, reserved 1048576K
}
Event: 18.876 GC heap after
{Heap after GC invocations=40 (full 0):
 garbage-first heap   total 116736K, used 69334K [0x0000000700000000, 0x0000000800000000)
  region size 2048K, 2 young (4096K), 2 survivors (4096K)
 Metaspace       used 83061K, committed 83648K, reserved 1179648K
  class space    used 11200K, committed 11456K, reserved 1048576K
}
Event: 19.161 GC heap before
{Heap before GC invocations=41 (full 0):
 garbage-first heap   total 122880K, used 95958K [0x0000000700000000, 0x0000000800000000)
  region size 2048K, 15 young (30720K), 2 survivors (4096K)
 Metaspace       used 83234K, committed 83904K, reserved 1179648K
  class space    used 11229K, committed 11520K, reserved 1048576K
}
Event: 19.165 GC heap after
{Heap after GC invocations=42 (full 0):
 garbage-first heap   total 122880K, used 70299K [0x0000000700000000, 0x0000000800000000)
  region size 2048K, 1 young (2048K), 1 survivors (2048K)
 Metaspace       used 83234K, committed 83904K, reserved 1179648K
  class space    used 11229K, committed 11520K, reserved 1048576K
}

