# JRE version: OpenJDK Runtime Environment (17.0.6) (build 17.0.6+0-b2043.56-9586694)
# Java VM: OpenJDK 64-Bit Server VM (17.0.6+0-b2043.56-9586694, mixed mode, tiered, compressed oops, compressed class ptrs, g1 gc, windows-amd64)
GC Precious Log:
 CPUs: 4 total, 4 available
 Memory: 3739M
 Large Page Support: Disabled
 NUMA Support: Disabled
 Compressed Oops: Enabled (Zero based)
 Heap Region Size: 2M
 Heap Min Capacity: 8M
 Heap Initial Capacity: 60M
 Heap Max Capacity: 4G
 Pre-touch: Disabled
 Parallel Workers: 4
 Concurrent Workers: 1
 Concurrent Refinement Workers: 4
 Periodic GC: Disabled
Heap:
 garbage-first heap   total 219136K, used 122166K [0x0000000700000000, 0x0000000800000000)
  region size 2048K, 1 young (2048K), 1 survivors (2048K)
 Metaspace       used 111853K, committed 112704K, reserved 1146880K
  class space    used 15245K, committed 15616K, reserved 1048576K
GC Heap History (20 events):
Event: 79.192 GC heap after
{Heap after GC invocations=64 (full 0):
 garbage-first heap   total 182272K, used 104725K [0x0000000700000000, 0x0000000800000000)
  region size 2048K, 3 young (6144K), 3 survivors (6144K)
 Metaspace       used 98322K, committed 99200K, reserved 1138688K
  class space    used 13593K, committed 13952K, reserved 1048576K
}
Event: 79.232 GC heap before
{Heap before GC invocations=64 (full 0):
 garbage-first heap   total 182272K, used 106773K [0x0000000700000000, 0x0000000800000000)
  region size 2048K, 4 young (8192K), 3 survivors (6144K)
 Metaspace       used 98348K, committed 99200K, reserved 1138688K
  class space    used 13594K, committed 13952K, reserved 1048576K
}
Event: 79.495 GC heap after
{Heap after GC invocations=65 (full 0):
 garbage-first heap   total 182272K, used 104881K [0x0000000700000000, 0x0000000800000000)
  region size 2048K, 1 young (2048K), 1 survivors (2048K)
 Metaspace       used 98348K, committed 99200K, reserved 1138688K
  class space    used 13594K, committed 13952K, reserved 1048576K
}
Event: 82.444 GC heap before
{Heap before GC invocations=65 (full 0):
 garbage-first heap   total 182272K, used 139697K [0x0000000700000000, 0x0000000800000000)
  region size 2048K, 19 young (38912K), 1 survivors (2048K)
 Metaspace       used 99878K, committed 100736K, reserved 1138688K
  class space    used 13805K, committed 14144K, reserved 1048576K
}
Event: 82.475 GC heap after
{Heap after GC invocations=66 (full 0):
 garbage-first heap   total 182272K, used 107856K [0x0000000700000000, 0x0000000800000000)
  region size 2048K, 2 young (4096K), 2 survivors (4096K)
 Metaspace       used 99878K, committed 100736K, reserved 1138688K
  class space    used 13805K, committed 14144K, reserved 1048576K
}
Event: 125.314 GC heap before
{Heap before GC invocations=67 (full 0):
 garbage-first heap   total 184320K, used 142672K [0x0000000700000000, 0x0000000800000000)
  region size 2048K, 20 young (40960K), 2 survivors (4096K)
 Metaspace       used 100929K, committed 101760K, reserved 1138688K
  class space    used 13981K, committed 14336K, reserved 1048576K
}
Event: 125.740 GC heap after
{Heap after GC invocations=68 (full 0):
 garbage-first heap   total 184320K, used 109731K [0x0000000700000000, 0x0000000800000000)
  region size 2048K, 2 young (4096K), 2 survivors (4096K)
 Metaspace       used 100929K, committed 101760K, reserved 1138688K
  class space    used 13981K, committed 14336K, reserved 1048576K
}
Event: 127.070 GC heap before
{Heap before GC invocations=68 (full 0):
 garbage-first heap   total 184320K, used 113827K [0x0000000700000000, 0x0000000800000000)
  region size 2048K, 4 young (8192K), 2 survivors (4096K)
 Metaspace       used 100980K, committed 101888K, reserved 1138688K
  class space    used 13983K, committed 14336K, reserved 1048576K
}
Event: 127.100 GC heap after
{Heap after GC invocations=69 (full 0):
 garbage-first heap   total 184320K, used 109672K [0x0000000700000000, 0x0000000800000000)
  region size 2048K, 1 young (2048K), 1 survivors (2048K)
 Metaspace       used 100980K, committed 101888K, reserved 1138688K
  class space    used 13983K, committed 14336K, reserved 1048576K
}
Event: 143.731 GC heap before
{Heap before GC invocations=69 (full 0):
 garbage-first heap   total 184320K, used 146536K [0x0000000700000000, 0x0000000800000000)
  region size 2048K, 20 young (40960K), 1 survivors (2048K)
 Metaspace       used 101325K, committed 102208K, reserved 1138688K
  class space    used 13998K, committed 14336K, reserved 1048576K
}
Event: 143.951 GC heap after
{Heap after GC invocations=70 (full 0):
 garbage-first heap   total 184320K, used 110886K [0x0000000700000000, 0x0000000800000000)
  region size 2048K, 1 young (2048K), 1 survivors (2048K)
 Metaspace       used 101325K, committed 102208K, reserved 1138688K
  class space    used 13998K, committed 14336K, reserved 1048576K
}
Event: 161.741 GC heap before
{Heap before GC invocations=71 (full 0):
 garbage-first heap   total 202752K, used 147750K [0x0000000700000000, 0x0000000800000000)
  region size 2048K, 20 young (40960K), 1 survivors (2048K)
 Metaspace       used 104424K, committed 105344K, reserved 1146880K
  class space    used 14309K, committed 14720K, reserved 1048576K
}
Event: 161.754 GC heap after
{Heap after GC invocations=72 (full 0):
 garbage-first heap   total 202752K, used 113449K [0x0000000700000000, 0x0000000800000000)
  region size 2048K, 3 young (6144K), 3 survivors (6144K)
 Metaspace       used 104424K, committed 105344K, reserved 1146880K
  class space    used 14309K, committed 14720K, reserved 1048576K
}
Event: 161.768 GC heap before
{Heap before GC invocations=72 (full 0):
 garbage-first heap   total 202752K, used 115497K [0x0000000700000000, 0x0000000800000000)
  region size 2048K, 4 young (8192K), 3 survivors (6144K)
 Metaspace       used 104462K, committed 105408K, reserved 1146880K
  class space    used 14310K, committed 14720K, reserved 1048576K
}
Event: 161.806 GC heap after
{Heap after GC invocations=73 (full 0):
 garbage-first heap   total 202752K, used 113404K [0x0000000700000000, 0x0000000800000000)
  region size 2048K, 1 young (2048K), 1 survivors (2048K)
 Metaspace       used 104462K, committed 105408K, reserved 1146880K
  class space    used 14310K, committed 14720K, reserved 1048576K
}
Event: 199.526 GC heap before
{Heap before GC invocations=73 (full 0):
 garbage-first heap   total 202752K, used 162556K [0x0000000700000000, 0x0000000800000000)
  region size 2048K, 26 young (53248K), 1 survivors (2048K)
 Metaspace       used 110135K, committed 111040K, reserved 1146880K
  class space    used 15043K, committed 15424K, reserved 1048576K
}
Event: 199.945 GC heap after
{Heap after GC invocations=74 (full 0):
 garbage-first heap   total 202752K, used 116592K [0x0000000700000000, 0x0000000800000000)
  region size 2048K, 2 young (4096K), 2 survivors (4096K)
 Metaspace       used 110135K, committed 111040K, reserved 1146880K
  class space    used 15043K, committed 15424K, reserved 1048576K
}
Event: 207.046 GC heap before
{Heap before GC invocations=75 (full 0):
 garbage-first heap   total 219136K, used 165744K [0x0000000700000000, 0x0000000800000000)
  region size 2048K, 26 young (53248K), 2 survivors (4096K)
 Metaspace       used 111847K, committed 112704K, reserved 1146880K
  class space    used 15245K, committed 15616K, reserved 1048576K
}
Event: 207.272 GC heap after
{Heap after GC invocations=76 (full 0):
 garbage-first heap   total 219136K, used 122178K [0x0000000700000000, 0x0000000800000000)
  region size 2048K, 4 young (8192K), 4 survivors (8192K)
 Metaspace       used 111847K, committed 112704K, reserved 1146880K
  class space    used 15245K, committed 15616K, reserved 1048576K
}
Event: 207.400 GC heap before
{Heap before GC invocations=76 (full 0):
 garbage-first heap   total 219136K, used 124226K [0x0000000700000000, 0x0000000800000000)
  region size 2048K, 5 young (10240K), 4 survivors (8192K)
 Metaspace       used 111853K, committed 112704K, reserved 1146880K
  class space    used 15245K, committed 15616K, reserved 1048576K
}

