# JRE version: OpenJDK Runtime Environment (17.0.6) (build 17.0.6+0-b2043.56-9586694)
# Java VM: OpenJDK 64-Bit Server VM (17.0.6+0-b2043.56-9586694, mixed mode, tiered, compressed oops, compressed class ptrs, g1 gc, windows-amd64)
GC Precious Log:
 CPUs: 4 total, 4 available
 Memory: 3739M
 Large Page Support: Disabled
 NUMA Support: Disabled
 Compressed Oops: Enabled (Zero based)
 Heap Region Size: 2M
 Heap Min Capacity: 8M
 Heap Initial Capacity: 60M
 Heap Max Capacity: 4G
 Pre-touch: Disabled
 Parallel Workers: 4
 Concurrent Workers: 1
 Concurrent Refinement Workers: 4
 Periodic GC: Disabled
Heap:
 garbage-first heap   total 356352K, used 155751K [0x0000000700000000, 0x0000000800000000)
  region size 2048K, 6 young (12288K), 6 survivors (12288K)
 Metaspace       used 150534K, committed 151424K, reserved 1187840K
  class space    used 19932K, committed 20352K, reserved 1048576K
GC Heap History (20 events):
Event: 202.708 GC heap after
{Heap after GC invocations=77 (full 0):
 garbage-first heap   total 251904K, used 80796K [0x0000000700000000, 0x0000000800000000)
  region size 2048K, 1 young (2048K), 1 survivors (2048K)
 Metaspace       used 95428K, committed 96064K, reserved 1138688K
  class space    used 12749K, committed 13056K, reserved 1048576K
}
Event: 203.407 GC heap before
{Heap before GC invocations=77 (full 0):
 garbage-first heap   total 251904K, used 220060K [0x0000000700000000, 0x0000000800000000)
  region size 2048K, 69 young (141312K), 1 survivors (2048K)
 Metaspace       used 95429K, committed 96064K, reserved 1138688K
  class space    used 12749K, committed 13056K, reserved 1048576K
}
Event: 203.409 GC heap after
{Heap after GC invocations=78 (full 0):
 garbage-first heap   total 251904K, used 81080K [0x0000000700000000, 0x0000000800000000)
  region size 2048K, 1 young (2048K), 1 survivors (2048K)
 Metaspace       used 95429K, committed 96064K, reserved 1138688K
  class space    used 12749K, committed 13056K, reserved 1048576K
}
Event: 203.666 GC heap before
{Heap before GC invocations=78 (full 0):
 garbage-first heap   total 251904K, used 220344K [0x0000000700000000, 0x0000000800000000)
  region size 2048K, 69 young (141312K), 1 survivors (2048K)
 Metaspace       used 95441K, committed 96128K, reserved 1138688K
  class space    used 12749K, committed 13056K, reserved 1048576K
}
Event: 203.668 GC heap after
{Heap after GC invocations=79 (full 0):
 garbage-first heap   total 251904K, used 80633K [0x0000000700000000, 0x0000000800000000)
  region size 2048K, 1 young (2048K), 1 survivors (2048K)
 Metaspace       used 95441K, committed 96128K, reserved 1138688K
  class space    used 12749K, committed 13056K, reserved 1048576K
}
Event: 208.414 GC heap before
{Heap before GC invocations=79 (full 0):
 garbage-first heap   total 251904K, used 223993K [0x0000000700000000, 0x0000000800000000)
  region size 2048K, 69 young (141312K), 1 survivors (2048K)
 Metaspace       used 105729K, committed 106432K, reserved 1146880K
  class space    used 14512K, committed 14848K, reserved 1048576K
}
Event: 208.443 GC heap after
{Heap after GC invocations=80 (full 0):
 garbage-first heap   total 251904K, used 86739K [0x0000000700000000, 0x0000000800000000)
  region size 2048K, 2 young (4096K), 2 survivors (4096K)
 Metaspace       used 105729K, committed 106432K, reserved 1146880K
  class space    used 14512K, committed 14848K, reserved 1048576K
}
Event: 210.010 GC heap before
{Heap before GC invocations=80 (full 0):
 garbage-first heap   total 251904K, used 230099K [0x0000000700000000, 0x0000000800000000)
  region size 2048K, 66 young (135168K), 2 survivors (4096K)
 Metaspace       used 110541K, committed 111296K, reserved 1146880K
  class space    used 15115K, committed 15488K, reserved 1048576K
}
Event: 210.071 GC heap after
{Heap after GC invocations=81 (full 0):
 garbage-first heap   total 262144K, used 113712K [0x0000000700000000, 0x0000000800000000)
  region size 2048K, 9 young (18432K), 9 survivors (18432K)
 Metaspace       used 110541K, committed 111296K, reserved 1146880K
  class space    used 15115K, committed 15488K, reserved 1048576K
}
Event: 211.484 GC heap before
{Heap before GC invocations=81 (full 0):
 garbage-first heap   total 262144K, used 212016K [0x0000000700000000, 0x0000000800000000)
  region size 2048K, 54 young (110592K), 9 survivors (18432K)
 Metaspace       used 120064K, committed 120768K, reserved 1155072K
  class space    used 16082K, committed 16448K, reserved 1048576K
}
Event: 211.522 GC heap after
{Heap after GC invocations=82 (full 0):
 garbage-first heap   total 262144K, used 129572K [0x0000000700000000, 0x0000000800000000)
  region size 2048K, 5 young (10240K), 5 survivors (10240K)
 Metaspace       used 120064K, committed 120768K, reserved 1155072K
  class space    used 16082K, committed 16448K, reserved 1048576K
}
Event: 213.620 GC heap before
{Heap before GC invocations=82 (full 0):
 garbage-first heap   total 262144K, used 209444K [0x0000000700000000, 0x0000000800000000)
  region size 2048K, 44 young (90112K), 5 survivors (10240K)
 Metaspace       used 128277K, committed 128960K, reserved 1163264K
  class space    used 17150K, committed 17472K, reserved 1048576K
}
Event: 213.654 GC heap after
{Heap after GC invocations=83 (full 0):
 garbage-first heap   total 262144K, used 136808K [0x0000000700000000, 0x0000000800000000)
  region size 2048K, 4 young (8192K), 4 survivors (8192K)
 Metaspace       used 128277K, committed 128960K, reserved 1163264K
  class space    used 17150K, committed 17472K, reserved 1048576K
}
Event: 214.471 GC heap before
{Heap before GC invocations=83 (full 0):
 garbage-first heap   total 356352K, used 210536K [0x0000000700000000, 0x0000000800000000)
  region size 2048K, 40 young (81920K), 4 survivors (8192K)
 Metaspace       used 131917K, committed 132672K, reserved 1171456K
  class space    used 17566K, committed 17920K, reserved 1048576K
}
Event: 214.499 GC heap after
{Heap after GC invocations=84 (full 0):
 garbage-first heap   total 356352K, used 139611K [0x0000000700000000, 0x0000000800000000)
  region size 2048K, 3 young (6144K), 3 survivors (6144K)
 Metaspace       used 131917K, committed 132672K, reserved 1171456K
  class space    used 17566K, committed 17920K, reserved 1048576K
}
Event: 221.452 GC heap before
{Heap before GC invocations=85 (full 0):
 garbage-first heap   total 356352K, used 287067K [0x0000000700000000, 0x0000000800000000)
  region size 2048K, 76 young (155648K), 3 survivors (6144K)
 Metaspace       used 143332K, committed 144064K, reserved 1179648K
  class space    used 18925K, committed 19264K, reserved 1048576K
}
Event: 221.493 GC heap after
{Heap after GC invocations=86 (full 0):
 garbage-first heap   total 356352K, used 147289K [0x0000000700000000, 0x0000000800000000)
  region size 2048K, 7 young (14336K), 7 survivors (14336K)
 Metaspace       used 143332K, committed 144064K, reserved 1179648K
  class space    used 18925K, committed 19264K, reserved 1048576K
}
Event: 221.548 GC heap before
{Heap before GC invocations=86 (full 0):
 garbage-first heap   total 356352K, used 147289K [0x0000000700000000, 0x0000000800000000)
  region size 2048K, 8 young (16384K), 7 survivors (14336K)
 Metaspace       used 143616K, committed 144384K, reserved 1179648K
  class space    used 18976K, committed 19328K, reserved 1048576K
}
Event: 221.605 GC heap after
{Heap after GC invocations=87 (full 0):
 garbage-first heap   total 356352K, used 147164K [0x0000000700000000, 0x0000000800000000)
  region size 2048K, 1 young (2048K), 1 survivors (2048K)
 Metaspace       used 143616K, committed 144384K, reserved 1179648K
  class space    used 18976K, committed 19328K, reserved 1048576K
}
Event: 230.024 GC heap before
{Heap before GC invocations=87 (full 0):
 garbage-first heap   total 356352K, used 290524K [0x0000000700000000, 0x0000000800000000)
  region size 2048K, 71 young (145408K), 1 survivors (2048K)
 Metaspace       used 150534K, committed 151424K, reserved 1187840K
  class space    used 19932K, committed 20352K, reserved 1048576K
}

