# JRE version: OpenJDK Runtime Environment Temurin-17.0.11+9 (17.0.11+9) (build 17.0.11+9)
# Java VM: OpenJDK 64-Bit Server VM Temurin-17.0.11+9 (17.0.11+9, mixed mode, tiered, compressed oops, compressed class ptrs, g1 gc, windows-amd64)
GC Precious Log:
 CPUs: 8 total, 8 available
 Memory: 7525M
 Large Page Support: Disabled
 NUMA Support: Disabled
 Compressed Oops: Enabled (Zero based)
 Heap Region Size: 2M
 Heap Min Capacity: 8M
 Heap Initial Capacity: 118M
 Heap Max Capacity: 4G
 Pre-touch: Disabled
 Parallel Workers: 8
 Concurrent Workers: 2
 Concurrent Refinement Workers: 8
 Periodic GC: Disabled
Heap:
 garbage-first heap   total 79872K, used 65203K [0x0000000700000000, 0x0000000800000000)
  region size 2048K, 13 young (26624K), 1 survivors (2048K)
 Metaspace       used 64184K, committed 64896K, reserved 1114112K
  class space    used 8923K, committed 9280K, reserved 1048576K
GC Heap History (20 events):
Event: 8.197 GC heap before
{Heap before GC invocations=10 (full 0):
 garbage-first heap   total 75776K, used 56010K [0x0000000700000000, 0x0000000800000000)
  region size 2048K, 15 young (30720K), 2 survivors (4096K)
 Metaspace       used 41459K, committed 41920K, reserved 1114112K
  class space    used 5507K, committed 5760K, reserved 1048576K
}
Event: 8.201 GC heap after
{Heap after GC invocations=11 (full 0):
 garbage-first heap   total 75776K, used 32198K [0x0000000700000000, 0x0000000800000000)
  region size 2048K, 2 young (4096K), 2 survivors (4096K)
 Metaspace       used 41459K, committed 41920K, reserved 1114112K
  class space    used 5507K, committed 5760K, reserved 1048576K
}
Event: 8.849 GC heap before
{Heap before GC invocations=11 (full 0):
 garbage-first heap   total 75776K, used 56774K [0x0000000700000000, 0x0000000800000000)
  region size 2048K, 14 young (28672K), 2 survivors (4096K)
 Metaspace       used 42754K, committed 43264K, reserved 1114112K
  class space    used 5717K, committed 5952K, reserved 1048576K
}
Event: 8.852 GC heap after
{Heap after GC invocations=12 (full 0):
 garbage-first heap   total 75776K, used 33991K [0x0000000700000000, 0x0000000800000000)
  region size 2048K, 1 young (2048K), 1 survivors (2048K)
 Metaspace       used 42754K, committed 43264K, reserved 1114112K
  class space    used 5717K, committed 5952K, reserved 1048576K
}
Event: 10.267 GC heap before
{Heap before GC invocations=12 (full 0):
 garbage-first heap   total 75776K, used 56519K [0x0000000700000000, 0x0000000800000000)
  region size 2048K, 13 young (26624K), 1 survivors (2048K)
 Metaspace       used 45314K, committed 45824K, reserved 1114112K
  class space    used 6033K, committed 6272K, reserved 1048576K
}
Event: 10.272 GC heap after
{Heap after GC invocations=13 (full 0):
 garbage-first heap   total 75776K, used 35492K [0x0000000700000000, 0x0000000800000000)
  region size 2048K, 2 young (4096K), 2 survivors (4096K)
 Metaspace       used 45314K, committed 45824K, reserved 1114112K
  class space    used 6033K, committed 6272K, reserved 1048576K
}
Event: 10.908 GC heap before
{Heap before GC invocations=13 (full 0):
 garbage-first heap   total 75776K, used 58020K [0x0000000700000000, 0x0000000800000000)
  region size 2048K, 13 young (26624K), 2 survivors (4096K)
 Metaspace       used 47437K, committed 47936K, reserved 1114112K
  class space    used 6363K, committed 6592K, reserved 1048576K
}
Event: 10.911 GC heap after
{Heap after GC invocations=14 (full 0):
 garbage-first heap   total 75776K, used 36472K [0x0000000700000000, 0x0000000800000000)
  region size 2048K, 2 young (4096K), 2 survivors (4096K)
 Metaspace       used 47437K, committed 47936K, reserved 1114112K
  class space    used 6363K, committed 6592K, reserved 1048576K
}
Event: 11.579 GC heap before
{Heap before GC invocations=14 (full 0):
 garbage-first heap   total 75776K, used 59000K [0x0000000700000000, 0x0000000800000000)
  region size 2048K, 13 young (26624K), 2 survivors (4096K)
 Metaspace       used 50732K, committed 51264K, reserved 1114112K
  class space    used 6877K, committed 7104K, reserved 1048576K
}
Event: 11.582 GC heap after
{Heap after GC invocations=15 (full 0):
 garbage-first heap   total 75776K, used 37638K [0x0000000700000000, 0x0000000800000000)
  region size 2048K, 2 young (4096K), 2 survivors (4096K)
 Metaspace       used 50732K, committed 51264K, reserved 1114112K
  class space    used 6877K, committed 7104K, reserved 1048576K
}
Event: 12.639 GC heap before
{Heap before GC invocations=16 (full 0):
 garbage-first heap   total 75776K, used 58118K [0x0000000700000000, 0x0000000800000000)
  region size 2048K, 12 young (24576K), 2 survivors (4096K)
 Metaspace       used 52897K, committed 53440K, reserved 1114112K
  class space    used 7204K, committed 7424K, reserved 1048576K
}
Event: 12.642 GC heap after
{Heap after GC invocations=17 (full 0):
 garbage-first heap   total 75776K, used 38422K [0x0000000700000000, 0x0000000800000000)
  region size 2048K, 2 young (4096K), 2 survivors (4096K)
 Metaspace       used 52897K, committed 53440K, reserved 1114112K
  class space    used 7204K, committed 7424K, reserved 1048576K
}
Event: 13.358 GC heap before
{Heap before GC invocations=17 (full 0):
 garbage-first heap   total 75776K, used 58902K [0x0000000700000000, 0x0000000800000000)
  region size 2048K, 12 young (24576K), 2 survivors (4096K)
 Metaspace       used 55381K, committed 55936K, reserved 1114112K
  class space    used 7525K, committed 7744K, reserved 1048576K
}
Event: 13.362 GC heap after
{Heap after GC invocations=18 (full 0):
 garbage-first heap   total 75776K, used 39458K [0x0000000700000000, 0x0000000800000000)
  region size 2048K, 2 young (4096K), 2 survivors (4096K)
 Metaspace       used 55381K, committed 55936K, reserved 1114112K
  class space    used 7525K, committed 7744K, reserved 1048576K
}
Event: 16.332 GC heap before
{Heap before GC invocations=19 (full 0):
 garbage-first heap   total 75776K, used 59938K [0x0000000700000000, 0x0000000800000000)
  region size 2048K, 13 young (26624K), 2 survivors (4096K)
 Metaspace       used 57522K, committed 58176K, reserved 1114112K
  class space    used 7817K, committed 8128K, reserved 1048576K
}
Event: 16.337 GC heap after
{Heap after GC invocations=20 (full 0):
 garbage-first heap   total 75776K, used 40851K [0x0000000700000000, 0x0000000800000000)
  region size 2048K, 2 young (4096K), 2 survivors (4096K)
 Metaspace       used 57522K, committed 58176K, reserved 1114112K
  class space    used 7817K, committed 8128K, reserved 1048576K
}
Event: 19.413 GC heap before
{Heap before GC invocations=20 (full 0):
 garbage-first heap   total 75776K, used 61331K [0x0000000700000000, 0x0000000800000000)
  region size 2048K, 12 young (24576K), 2 survivors (4096K)
 Metaspace       used 60095K, committed 60736K, reserved 1114112K
  class space    used 8198K, committed 8512K, reserved 1048576K
}
Event: 19.419 GC heap after
{Heap after GC invocations=21 (full 0):
 garbage-first heap   total 75776K, used 41913K [0x0000000700000000, 0x0000000800000000)
  region size 2048K, 2 young (4096K), 2 survivors (4096K)
 Metaspace       used 60095K, committed 60736K, reserved 1114112K
  class space    used 8198K, committed 8512K, reserved 1048576K
}
Event: 20.290 GC heap before
{Heap before GC invocations=22 (full 0):
 garbage-first heap   total 79872K, used 60345K [0x0000000700000000, 0x0000000800000000)
  region size 2048K, 11 young (22528K), 2 survivors (4096K)
 Metaspace       used 61686K, committed 62272K, reserved 1114112K
  class space    used 8475K, committed 8768K, reserved 1048576K
}
Event: 20.293 GC heap after
{Heap after GC invocations=23 (full 0):
 garbage-first heap   total 79872K, used 42675K [0x0000000700000000, 0x0000000800000000)
  region size 2048K, 1 young (2048K), 1 survivors (2048K)
 Metaspace       used 61686K, committed 62272K, reserved 1114112K
  class space    used 8475K, committed 8768K, reserved 1048576K
}

