# JRE version: OpenJDK Runtime Environment Temurin-17.0.11+9 (17.0.11+9) (build 17.0.11+9)
# Java VM: OpenJDK 64-Bit Server VM Temurin-17.0.11+9 (17.0.11+9, mixed mode, tiered, compressed oops, compressed class ptrs, parallel gc, windows-amd64)
GC Precious Log:
 CPUs: 8 total, 8 available
 Memory: 7525M
 Large Page Support: Disabled
 NUMA Support: Disabled
 Compressed Oops: Enabled (32-bit)
 Alignments: Space 512K, Generation 512K, Heap 2M
 Heap Min Capacity: 100M
 Heap Initial Capacity: 100M
 Heap Max Capacity: 1G
 Pre-touch: Disabled
 Parallel Workers: 8
Heap:
 PSYoungGen      total 15360K, used 1954K [0x00000000eab00000, 0x00000000ebc00000, 0x0000000100000000)
  eden space 13824K, 11% used [0x00000000eab00000,0x00000000eac90920,0x00000000eb880000)
  from space 1536K, 22% used [0x00000000eb900000,0x00000000eb958000,0x00000000eba80000)
  to   space 1024K, 0% used [0x00000000ebb00000,0x00000000ebb00000,0x00000000ebc00000)
 ParOldGen       total 68608K, used 39412K [0x00000000c0000000, 0x00000000c4300000, 0x00000000eab00000)
  object space 68608K, 57% used [0x00000000c0000000,0x00000000c267d3a0,0x00000000c4300000)
 Metaspace       used 67494K, committed 68672K, reserved 1114112K
  class space    used 8191K, committed 8704K, reserved 1048576K
GC Heap History (20 events):
Event: 26.937 GC heap before
{Heap before GC invocations=41 (full 3):
 PSYoungGen      total 15360K, used 14118K [0x00000000eab00000, 0x00000000ebd80000, 0x0000000100000000)
  eden space 13824K, 100% used [0x00000000eab00000,0x00000000eb880000,0x00000000eb880000)
  from space 1536K, 19% used [0x00000000ebb00000,0x00000000ebb49b90,0x00000000ebc80000)
  to   space 1024K, 0% used [0x00000000ebc80000,0x00000000ebc80000,0x00000000ebd80000)
 ParOldGen       total 68608K, used 36832K [0x00000000c0000000, 0x00000000c4300000, 0x00000000eab00000)
  object space 68608K, 53% used [0x00000000c0000000,0x00000000c23f80a0,0x00000000c4300000)
 Metaspace       used 63431K, committed 64448K, reserved 1114112K
  class space    used 7708K, committed 8128K, reserved 1048576K
}
Event: 26.937 GC heap after
{Heap after GC invocations=41 (full 3):
 PSYoungGen      total 14848K, used 965K [0x00000000eab00000, 0x00000000ebd80000, 0x0000000100000000)
  eden space 13824K, 0% used [0x00000000eab00000,0x00000000eab00000,0x00000000eb880000)
  from space 1024K, 94% used [0x00000000ebc80000,0x00000000ebd71550,0x00000000ebd80000)
  to   space 1536K, 0% used [0x00000000eba80000,0x00000000eba80000,0x00000000ebc00000)
 ParOldGen       total 68608K, used 36906K [0x00000000c0000000, 0x00000000c4300000, 0x00000000eab00000)
  object space 68608K, 53% used [0x00000000c0000000,0x00000000c240a908,0x00000000c4300000)
 Metaspace       used 63431K, committed 64448K, reserved 1114112K
  class space    used 7708K, committed 8128K, reserved 1048576K
}
Event: 27.003 GC heap before
{Heap before GC invocations=42 (full 3):
 PSYoungGen      total 14848K, used 14789K [0x00000000eab00000, 0x00000000ebd80000, 0x0000000100000000)
  eden space 13824K, 100% used [0x00000000eab00000,0x00000000eb880000,0x00000000eb880000)
  from space 1024K, 94% used [0x00000000ebc80000,0x00000000ebd71550,0x00000000ebd80000)
  to   space 1536K, 0% used [0x00000000eba80000,0x00000000eba80000,0x00000000ebc00000)
 ParOldGen       total 68608K, used 36906K [0x00000000c0000000, 0x00000000c4300000, 0x00000000eab00000)
  object space 68608K, 53% used [0x00000000c0000000,0x00000000c240a908,0x00000000c4300000)
 Metaspace       used 63431K, committed 64448K, reserved 1114112K
  class space    used 7708K, committed 8128K, reserved 1048576K
}
Event: 27.004 GC heap after
{Heap after GC invocations=42 (full 3):
 PSYoungGen      total 15360K, used 902K [0x00000000eab00000, 0x00000000ebd00000, 0x0000000100000000)
  eden space 13824K, 0% used [0x00000000eab00000,0x00000000eab00000,0x00000000eb880000)
  from space 1536K, 58% used [0x00000000eba80000,0x00000000ebb61b98,0x00000000ebc00000)
  to   space 1024K, 0% used [0x00000000ebc00000,0x00000000ebc00000,0x00000000ebd00000)
 ParOldGen       total 68608K, used 36962K [0x00000000c0000000, 0x00000000c4300000, 0x00000000eab00000)
  object space 68608K, 53% used [0x00000000c0000000,0x00000000c2418908,0x00000000c4300000)
 Metaspace       used 63431K, committed 64448K, reserved 1114112K
  class space    used 7708K, committed 8128K, reserved 1048576K
}
Event: 27.063 GC heap before
{Heap before GC invocations=43 (full 3):
 PSYoungGen      total 15360K, used 14726K [0x00000000eab00000, 0x00000000ebd00000, 0x0000000100000000)
  eden space 13824K, 100% used [0x00000000eab00000,0x00000000eb880000,0x00000000eb880000)
  from space 1536K, 58% used [0x00000000eba80000,0x00000000ebb61b98,0x00000000ebc00000)
  to   space 1024K, 0% used [0x00000000ebc00000,0x00000000ebc00000,0x00000000ebd00000)
 ParOldGen       total 68608K, used 36962K [0x00000000c0000000, 0x00000000c4300000, 0x00000000eab00000)
  object space 68608K, 53% used [0x00000000c0000000,0x00000000c2418908,0x00000000c4300000)
 Metaspace       used 63431K, committed 64448K, reserved 1114112K
  class space    used 7708K, committed 8128K, reserved 1048576K
}
Event: 27.064 GC heap after
{Heap after GC invocations=43 (full 3):
 PSYoungGen      total 14336K, used 224K [0x00000000eab00000, 0x00000000ebc80000, 0x0000000100000000)
  eden space 13824K, 0% used [0x00000000eab00000,0x00000000eab00000,0x00000000eb880000)
  from space 512K, 43% used [0x00000000ebc00000,0x00000000ebc38000,0x00000000ebc80000)
  to   space 512K, 0% used [0x00000000ebb80000,0x00000000ebb80000,0x00000000ebc00000)
 ParOldGen       total 68608K, used 37104K [0x00000000c0000000, 0x00000000c4300000, 0x00000000eab00000)
  object space 68608K, 54% used [0x00000000c0000000,0x00000000c243c3f8,0x00000000c4300000)
 Metaspace       used 63431K, committed 64448K, reserved 1114112K
  class space    used 7708K, committed 8128K, reserved 1048576K
}
Event: 27.139 GC heap before
{Heap before GC invocations=44 (full 3):
 PSYoungGen      total 14336K, used 14048K [0x00000000eab00000, 0x00000000ebc80000, 0x0000000100000000)
  eden space 13824K, 100% used [0x00000000eab00000,0x00000000eb880000,0x00000000eb880000)
  from space 512K, 43% used [0x00000000ebc00000,0x00000000ebc38000,0x00000000ebc80000)
  to   space 512K, 0% used [0x00000000ebb80000,0x00000000ebb80000,0x00000000ebc00000)
 ParOldGen       total 68608K, used 37104K [0x00000000c0000000, 0x00000000c4300000, 0x00000000eab00000)
  object space 68608K, 54% used [0x00000000c0000000,0x00000000c243c3f8,0x00000000c4300000)
 Metaspace       used 63431K, committed 64448K, reserved 1114112K
  class space    used 7708K, committed 8128K, reserved 1048576K
}
Event: 27.140 GC heap after
{Heap after GC invocations=44 (full 3):
 PSYoungGen      total 14336K, used 503K [0x00000000eab00000, 0x00000000ebc80000, 0x0000000100000000)
  eden space 13824K, 0% used [0x00000000eab00000,0x00000000eab00000,0x00000000eb880000)
  from space 512K, 98% used [0x00000000ebb80000,0x00000000ebbfdcc0,0x00000000ebc00000)
  to   space 512K, 0% used [0x00000000ebc00000,0x00000000ebc00000,0x00000000ebc80000)
 ParOldGen       total 68608K, used 37602K [0x00000000c0000000, 0x00000000c4300000, 0x00000000eab00000)
  object space 68608K, 54% used [0x00000000c0000000,0x00000000c24b88f8,0x00000000c4300000)
 Metaspace       used 63431K, committed 64448K, reserved 1114112K
  class space    used 7708K, committed 8128K, reserved 1048576K
}
Event: 27.894 GC heap before
{Heap before GC invocations=45 (full 3):
 PSYoungGen      total 14336K, used 14327K [0x00000000eab00000, 0x00000000ebc80000, 0x0000000100000000)
  eden space 13824K, 100% used [0x00000000eab00000,0x00000000eb880000,0x00000000eb880000)
  from space 512K, 98% used [0x00000000ebb80000,0x00000000ebbfdcc0,0x00000000ebc00000)
  to   space 512K, 0% used [0x00000000ebc00000,0x00000000ebc00000,0x00000000ebc80000)
 ParOldGen       total 68608K, used 37602K [0x00000000c0000000, 0x00000000c4300000, 0x00000000eab00000)
  object space 68608K, 54% used [0x00000000c0000000,0x00000000c24b88f8,0x00000000c4300000)
 Metaspace       used 64081K, committed 65152K, reserved 1114112K
  class space    used 7809K, committed 8256K, reserved 1048576K
}
Event: 27.894 GC heap after
{Heap after GC invocations=45 (full 3):
 PSYoungGen      total 14336K, used 320K [0x00000000eab00000, 0x00000000ebc80000, 0x0000000100000000)
  eden space 13824K, 0% used [0x00000000eab00000,0x00000000eab00000,0x00000000eb880000)
  from space 512K, 62% used [0x00000000ebc00000,0x00000000ebc50000,0x00000000ebc80000)
  to   space 1024K, 0% used [0x00000000eba80000,0x00000000eba80000,0x00000000ebb80000)
 ParOldGen       total 68608K, used 37642K [0x00000000c0000000, 0x00000000c4300000, 0x00000000eab00000)
  object space 68608K, 54% used [0x00000000c0000000,0x00000000c24c28f8,0x00000000c4300000)
 Metaspace       used 64081K, committed 65152K, reserved 1114112K
  class space    used 7809K, committed 8256K, reserved 1048576K
}
Event: 28.613 GC heap before
{Heap before GC invocations=46 (full 3):
 PSYoungGen      total 14336K, used 14144K [0x00000000eab00000, 0x00000000ebc80000, 0x0000000100000000)
  eden space 13824K, 100% used [0x00000000eab00000,0x00000000eb880000,0x00000000eb880000)
  from space 512K, 62% used [0x00000000ebc00000,0x00000000ebc50000,0x00000000ebc80000)
  to   space 1024K, 0% used [0x00000000eba80000,0x00000000eba80000,0x00000000ebb80000)
 ParOldGen       total 68608K, used 37642K [0x00000000c0000000, 0x00000000c4300000, 0x00000000eab00000)
  object space 68608K, 54% used [0x00000000c0000000,0x00000000c24c28f8,0x00000000c4300000)
 Metaspace       used 64729K, committed 65728K, reserved 1114112K
  class space    used 7893K, committed 8320K, reserved 1048576K
}
Event: 28.614 GC heap after
{Heap after GC invocations=46 (full 3):
 PSYoungGen      total 14848K, used 736K [0x00000000eab00000, 0x00000000ebc80000, 0x0000000100000000)
  eden space 13824K, 0% used [0x00000000eab00000,0x00000000eab00000,0x00000000eb880000)
  from space 1024K, 71% used [0x00000000eba80000,0x00000000ebb38000,0x00000000ebb80000)
  to   space 1024K, 0% used [0x00000000ebb80000,0x00000000ebb80000,0x00000000ebc80000)
 ParOldGen       total 68608K, used 37786K [0x00000000c0000000, 0x00000000c4300000, 0x00000000eab00000)
  object space 68608K, 55% used [0x00000000c0000000,0x00000000c24e68f8,0x00000000c4300000)
 Metaspace       used 64729K, committed 65728K, reserved 1114112K
  class space    used 7893K, committed 8320K, reserved 1048576K
}
Event: 31.304 GC heap before
{Heap before GC invocations=47 (full 3):
 PSYoungGen      total 14848K, used 14560K [0x00000000eab00000, 0x00000000ebc80000, 0x0000000100000000)
  eden space 13824K, 100% used [0x00000000eab00000,0x00000000eb880000,0x00000000eb880000)
  from space 1024K, 71% used [0x00000000eba80000,0x00000000ebb38000,0x00000000ebb80000)
  to   space 1024K, 0% used [0x00000000ebb80000,0x00000000ebb80000,0x00000000ebc80000)
 ParOldGen       total 68608K, used 37786K [0x00000000c0000000, 0x00000000c4300000, 0x00000000eab00000)
  object space 68608K, 55% used [0x00000000c0000000,0x00000000c24e68f8,0x00000000c4300000)
 Metaspace       used 64917K, committed 65984K, reserved 1114112K
  class space    used 7910K, committed 8384K, reserved 1048576K
}
Event: 31.306 GC heap after
{Heap after GC invocations=47 (full 3):
 PSYoungGen      total 14336K, used 320K [0x00000000eab00000, 0x00000000ebc00000, 0x0000000100000000)
  eden space 13824K, 0% used [0x00000000eab00000,0x00000000eab00000,0x00000000eb880000)
  from space 512K, 62% used [0x00000000ebb80000,0x00000000ebbd0000,0x00000000ebc00000)
  to   space 512K, 0% used [0x00000000ebb00000,0x00000000ebb00000,0x00000000ebb80000)
 ParOldGen       total 68608K, used 38289K [0x00000000c0000000, 0x00000000c4300000, 0x00000000eab00000)
  object space 68608K, 55% used [0x00000000c0000000,0x00000000c2564458,0x00000000c4300000)
 Metaspace       used 64917K, committed 65984K, reserved 1114112K
  class space    used 7910K, committed 8384K, reserved 1048576K
}
Event: 32.056 GC heap before
{Heap before GC invocations=48 (full 3):
 PSYoungGen      total 14336K, used 14144K [0x00000000eab00000, 0x00000000ebc00000, 0x0000000100000000)
  eden space 13824K, 100% used [0x00000000eab00000,0x00000000eb880000,0x00000000eb880000)
  from space 512K, 62% used [0x00000000ebb80000,0x00000000ebbd0000,0x00000000ebc00000)
  to   space 512K, 0% used [0x00000000ebb00000,0x00000000ebb00000,0x00000000ebb80000)
 ParOldGen       total 68608K, used 38289K [0x00000000c0000000, 0x00000000c4300000, 0x00000000eab00000)
  object space 68608K, 55% used [0x00000000c0000000,0x00000000c2564458,0x00000000c4300000)
 Metaspace       used 65614K, committed 66688K, reserved 1114112K
  class space    used 7982K, committed 8448K, reserved 1048576K
}
Event: 32.057 GC heap after
{Heap after GC invocations=48 (full 3):
 PSYoungGen      total 14336K, used 503K [0x00000000eab00000, 0x00000000ebc00000, 0x0000000100000000)
  eden space 13824K, 0% used [0x00000000eab00000,0x00000000eab00000,0x00000000eb880000)
  from space 512K, 98% used [0x00000000ebb00000,0x00000000ebb7dfc8,0x00000000ebb80000)
  to   space 512K, 0% used [0x00000000ebb80000,0x00000000ebb80000,0x00000000ebc00000)
 ParOldGen       total 68608K, used 38417K [0x00000000c0000000, 0x00000000c4300000, 0x00000000eab00000)
  object space 68608K, 55% used [0x00000000c0000000,0x00000000c2584458,0x00000000c4300000)
 Metaspace       used 65614K, committed 66688K, reserved 1114112K
  class space    used 7982K, committed 8448K, reserved 1048576K
}
Event: 34.030 GC heap before
{Heap before GC invocations=49 (full 3):
 PSYoungGen      total 14336K, used 14327K [0x00000000eab00000, 0x00000000ebc00000, 0x0000000100000000)
  eden space 13824K, 100% used [0x00000000eab00000,0x00000000eb880000,0x00000000eb880000)
  from space 512K, 98% used [0x00000000ebb00000,0x00000000ebb7dfc8,0x00000000ebb80000)
  to   space 512K, 0% used [0x00000000ebb80000,0x00000000ebb80000,0x00000000ebc00000)
 ParOldGen       total 68608K, used 38417K [0x00000000c0000000, 0x00000000c4300000, 0x00000000eab00000)
  object space 68608K, 55% used [0x00000000c0000000,0x00000000c2584458,0x00000000c4300000)
 Metaspace       used 66862K, committed 68032K, reserved 1114112K
  class space    used 8142K, committed 8640K, reserved 1048576K
}
Event: 34.031 GC heap after
{Heap after GC invocations=49 (full 3):
 PSYoungGen      total 14336K, used 512K [0x00000000eab00000, 0x00000000ebc00000, 0x0000000100000000)
  eden space 13824K, 0% used [0x00000000eab00000,0x00000000eab00000,0x00000000eb880000)
  from space 512K, 100% used [0x00000000ebb80000,0x00000000ebc00000,0x00000000ebc00000)
  to   space 1536K, 0% used [0x00000000eb900000,0x00000000eb900000,0x00000000eba80000)
 ParOldGen       total 68608K, used 38894K [0x00000000c0000000, 0x00000000c4300000, 0x00000000eab00000)
  object space 68608K, 56% used [0x00000000c0000000,0x00000000c25fbb58,0x00000000c4300000)
 Metaspace       used 66862K, committed 68032K, reserved 1114112K
  class space    used 8142K, committed 8640K, reserved 1048576K
}
Event: 57.944 GC heap before
{Heap before GC invocations=50 (full 3):
 PSYoungGen      total 14336K, used 14336K [0x00000000eab00000, 0x00000000ebc00000, 0x0000000100000000)
  eden space 13824K, 100% used [0x00000000eab00000,0x00000000eb880000,0x00000000eb880000)
  from space 512K, 100% used [0x00000000ebb80000,0x00000000ebc00000,0x00000000ebc00000)
  to   space 1536K, 0% used [0x00000000eb900000,0x00000000eb900000,0x00000000eba80000)
 ParOldGen       total 68608K, used 38894K [0x00000000c0000000, 0x00000000c4300000, 0x00000000eab00000)
  object space 68608K, 56% used [0x00000000c0000000,0x00000000c25fbb58,0x00000000c4300000)
 Metaspace       used 67431K, committed 68608K, reserved 1114112K
  class space    used 8188K, committed 8704K, reserved 1048576K
}
Event: 58.001 GC heap after
{Heap after GC invocations=50 (full 3):
 PSYoungGen      total 15360K, used 352K [0x00000000eab00000, 0x00000000ebc00000, 0x0000000100000000)
  eden space 13824K, 0% used [0x00000000eab00000,0x00000000eab00000,0x00000000eb880000)
  from space 1536K, 22% used [0x00000000eb900000,0x00000000eb958000,0x00000000eba80000)
  to   space 1024K, 0% used [0x00000000ebb00000,0x00000000ebb00000,0x00000000ebc00000)
 ParOldGen       total 68608K, used 39412K [0x00000000c0000000, 0x00000000c4300000, 0x00000000eab00000)
  object space 68608K, 57% used [0x00000000c0000000,0x00000000c267d3a0,0x00000000c4300000)
 Metaspace       used 67431K, committed 68608K, reserved 1114112K
  class space    used 8188K, committed 8704K, reserved 1048576K
}

